2022-06-03 21:56:03,824 | INFO | 145: 
msdfvcs : Invalid
2022-06-03 21:56:06,311 | INFO | 153: 
fvcds : Invalid
2022-06-03 21:56:08,950 | INFO | 161: 
fredwsazx : Invalid
2022-06-03 21:56:10,231 | INFO | 169: 
dc : Invalid
2022-06-03 21:56:11,338 | INFO | 177: 
saxcv : Invalid
2022-06-03 21:56:48,081 | INFO | 145: 
 : Invalid
2022-06-03 21:56:49,470 | INFO | 153: 
 : Invalid
2022-06-03 21:56:50,104 | INFO | 161: 
 : Invalid
2022-06-03 21:56:50,386 | INFO | 169: 
 : Invalid
2022-06-03 21:56:50,623 | INFO | 177: 
 : Invalid
